This file contains any messages produced by compilers while
running configure, to aid debugging if configure makes a mistake.

It was created by jellyfish configure 1.1.4, which was
generated by GNU Autoconf 2.69.  Invocation command line was

  $ ./configure --prefix=/Users/jstjohn --no-create --no-recursion

## --------- ##
## Platform. ##
## --------- ##

hostname = dhcp-63-167.cse.ucsc.edu
uname -m = x86_64
uname -r = 11.3.0
uname -s = Darwin
uname -v = Darwin Kernel Version 11.3.0: Thu Jan 12 18:47:41 PST 2012; root:xnu-1699.24.23~1/RELEASE_X86_64

/usr/bin/uname -p = i386
/bin/uname -X     = unknown

/bin/arch              = unknown
/usr/bin/arch -k       = unknown
/usr/convex/getsysinfo = unknown
/usr/bin/hostinfo      = Mach kernel version:
	 Darwin Kernel Version 11.3.0: Thu Jan 12 18:47:41 PST 2012; root:xnu-1699.24.23~1/RELEASE_X86_64
Kernel configured for up to 2 processors.
2 processors are physically available.
2 processors are logically available.
Processor type: i486 (Intel 80486)
Processors active: 0 1
Primary memory available: 4.00 gigabytes
Default processor set: 140 tasks, 694 threads, 2 processors
Load average: 3.56, Mach factor: 0.34
/bin/machine           = unknown
/usr/bin/oslevel       = unknown
/bin/universe          = unknown

PATH: /Library/Frameworks/EPD64.framework/Versions/Current/bin
PATH: /Developer/GPU Computing/C/bin/darwin/release
PATH: /Users/jstjohn/Library/Haskell/bin
PATH: /Users/jstjohn/bin
PATH: /Users/jstjohn/bin/x86_64
PATH: /usr/local/mysql/bin/
PATH: /Users/jstjohn/bin/scripts
PATH: /Library/Frameworks/EPD64.framework/Versions/Current/bin
PATH: /Users/jstjohn/Library/Haskell/bin
PATH: /usr/local/cuda/bin
PATH: .
PATH: /Users/jstjohn/src/vcftools/bin
PATH: /usr/local/bin
PATH: .
PATH: /Users/jstjohn/bin
PATH: /usr/local/sbin
PATH: /Applications/sage
PATH: /Users/jstjohn/src/samtools
PATH: /Users/jstjohn/src/bwa
PATH: /Users/jstjohn/src/wgsim
PATH: /Users/jstjohn/src/lastz/bin
PATH: .
PATH: /Applications/eclipse
PATH: /Applications/Artemis.app/Contents
PATH: /usr/local/texlive/2010/bin/x86_64-darwin
PATH: /Users/jstjohn/globus/bin
PATH: /Users/jstjohn/globus/sbin
PATH: /opt/pgi/osx86-64/12.3/bin
PATH: /usr/bin
PATH: /bin
PATH: /usr/sbin
PATH: /sbin
PATH: /usr/local/bin
PATH: /usr/X11/bin
PATH: /usr/local/ncbi/blast/bin


## ----------- ##
## Core tests. ##
## ----------- ##

configure:2614: checking build system type
configure:2628: result: i386-apple-darwin11.3.0
configure:2648: checking host system type
configure:2661: result: i386-apple-darwin11.3.0
configure:2698: checking for a BSD-compatible install
configure:2766: result: /usr/bin/install -c
configure:2777: checking whether build environment is sane
configure:2827: result: yes
configure:2968: checking for a thread-safe mkdir -p
configure:3007: result: ./install-sh -c -d
configure:3020: checking for gawk
configure:3050: result: no
configure:3020: checking for mawk
configure:3050: result: no
configure:3020: checking for nawk
configure:3050: result: no
configure:3020: checking for awk
configure:3036: found /usr/bin/awk
configure:3047: result: awk
configure:3058: checking whether make sets $(MAKE)
configure:3080: result: yes
configure:3171: checking whether make supports nested variables
configure:3188: result: yes
configure:3259: checking for g++
configure:3275: found /usr/bin/g++
configure:3286: result: g++
configure:3313: checking for C++ compiler version
configure:3322: g++ --version >&5
i686-apple-darwin11-llvm-g++-4.2 (GCC) 4.2.1 (Based on Apple Inc. build 5658) (LLVM build 2336.9.00)
Copyright (C) 2007 Free Software Foundation, Inc.
This is free software; see the source for copying conditions.  There is NO
warranty; not even for MERCHANTABILITY or FITNESS FOR A PARTICULAR PURPOSE.

configure:3333: $? = 0
configure:3322: g++ -v >&5
Using built-in specs.
Target: i686-apple-darwin11
Configured with: /private/var/tmp/llvmgcc42/llvmgcc42-2336.9~22/src/configure --disable-checking --enable-werror --prefix=/Applications/Xcode.app/Contents/Developer/usr/llvm-gcc-4.2 --mandir=/share/man --enable-languages=c,objc,c++,obj-c++ --program-prefix=llvm- --program-transform-name=/^[cg][^.-]*$/s/$/-4.2/ --with-slibdir=/usr/lib --build=i686-apple-darwin11 --enable-llvm=/private/var/tmp/llvmgcc42/llvmgcc42-2336.9~22/dst-llvmCore/Developer/usr/local --program-prefix=i686-apple-darwin11- --host=x86_64-apple-darwin11 --target=i686-apple-darwin11 --with-gxx-include-dir=/usr/include/c++/4.2.1
Thread model: posix
gcc version 4.2.1 (Based on Apple Inc. build 5658) (LLVM build 2336.9.00)
configure:3333: $? = 0
configure:3322: g++ -V >&5
llvm-g++-4.2: argument to `-V' is missing
configure:3333: $? = 1
configure:3322: g++ -qversion >&5
i686-apple-darwin11-llvm-g++-4.2: no input files
configure:3333: $? = 1
configure:3353: checking whether the C++ compiler works
configure:3375: g++    conftest.cpp  >&5
configure:3379: $? = 0
configure:3427: result: yes
configure:3430: checking for C++ compiler default output file name
configure:3432: result: a.out
configure:3438: checking for suffix of executables
configure:3445: g++ -o conftest    conftest.cpp  >&5
configure:3449: $? = 0
configure:3471: result: 
configure:3493: checking whether we are cross compiling
configure:3501: g++ -o conftest    conftest.cpp  >&5
configure:3505: $? = 0
configure:3512: ./conftest
configure:3516: $? = 0
configure:3531: result: no
configure:3536: checking for suffix of object files
configure:3558: g++ -c   conftest.cpp >&5
configure:3562: $? = 0
configure:3583: result: o
configure:3587: checking whether we are using the GNU C++ compiler
configure:3606: g++ -c   conftest.cpp >&5
configure:3606: $? = 0
configure:3615: result: yes
configure:3624: checking whether g++ accepts -g
configure:3644: g++ -c -g  conftest.cpp >&5
configure:3644: $? = 0
configure:3685: result: yes
configure:3719: checking for style of include used by make
configure:3747: result: GNU
configure:3773: checking dependency style of g++
configure:3884: result: gcc3
configure:3912: checking for md5sum
configure:3942: result: no
configure:3951: checking for md5
configure:3967: found /sbin/md5
configure:3978: result: md5 -r
configure:4068: checking for gcc
configure:4084: found /usr/bin/gcc
configure:4095: result: gcc
configure:4324: checking for C compiler version
configure:4333: gcc --version >&5
i686-apple-darwin11-llvm-gcc-4.2 (GCC) 4.2.1 (Based on Apple Inc. build 5658) (LLVM build 2336.9.00)
Copyright (C) 2007 Free Software Foundation, Inc.
This is free software; see the source for copying conditions.  There is NO
warranty; not even for MERCHANTABILITY or FITNESS FOR A PARTICULAR PURPOSE.

configure:4344: $? = 0
configure:4333: gcc -v >&5
Using built-in specs.
Target: i686-apple-darwin11
Configured with: /private/var/tmp/llvmgcc42/llvmgcc42-2336.9~22/src/configure --disable-checking --enable-werror --prefix=/Applications/Xcode.app/Contents/Developer/usr/llvm-gcc-4.2 --mandir=/share/man --enable-languages=c,objc,c++,obj-c++ --program-prefix=llvm- --program-transform-name=/^[cg][^.-]*$/s/$/-4.2/ --with-slibdir=/usr/lib --build=i686-apple-darwin11 --enable-llvm=/private/var/tmp/llvmgcc42/llvmgcc42-2336.9~22/dst-llvmCore/Developer/usr/local --program-prefix=i686-apple-darwin11- --host=x86_64-apple-darwin11 --target=i686-apple-darwin11 --with-gxx-include-dir=/usr/include/c++/4.2.1
Thread model: posix
gcc version 4.2.1 (Based on Apple Inc. build 5658) (LLVM build 2336.9.00)
configure:4344: $? = 0
configure:4333: gcc -V >&5
llvm-gcc-4.2: argument to `-V' is missing
configure:4344: $? = 1
configure:4333: gcc -qversion >&5
i686-apple-darwin11-llvm-gcc-4.2: no input files
configure:4344: $? = 1
configure:4348: checking whether we are using the GNU C compiler
configure:4367: gcc -c   conftest.c >&5
configure:4367: $? = 0
configure:4376: result: yes
configure:4385: checking whether gcc accepts -g
configure:4405: gcc -c -g  conftest.c >&5
configure:4405: $? = 0
configure:4446: result: yes
configure:4463: checking for gcc option to accept ISO C89
configure:4526: gcc  -c -g -O2  conftest.c >&5
configure:4526: $? = 0
configure:4539: result: none needed
configure:4561: checking dependency style of gcc
configure:4672: result: gcc3
configure:4693: checking how to run the C preprocessor
configure:4724: gcc -E  conftest.c
configure:4724: $? = 0
configure:4738: gcc -E  conftest.c
conftest.c:11:28: error: ac_nonexistent.h: No such file or directory
configure:4738: $? = 1
configure: failed program was:
| /* confdefs.h */
| #define PACKAGE_NAME "jellyfish"
| #define PACKAGE_TARNAME "jellyfish"
| #define PACKAGE_VERSION "1.1.4"
| #define PACKAGE_STRING "jellyfish 1.1.4"
| #define PACKAGE_BUGREPORT "gmarcais@umd.edu"
| #define PACKAGE_URL ""
| #define PACKAGE "jellyfish"
| #define VERSION "1.1.4"
| /* end confdefs.h.  */
| #include <ac_nonexistent.h>
configure:4763: result: gcc -E
configure:4783: gcc -E  conftest.c
configure:4783: $? = 0
configure:4797: gcc -E  conftest.c
conftest.c:11:28: error: ac_nonexistent.h: No such file or directory
configure:4797: $? = 1
configure: failed program was:
| /* confdefs.h */
| #define PACKAGE_NAME "jellyfish"
| #define PACKAGE_TARNAME "jellyfish"
| #define PACKAGE_VERSION "1.1.4"
| #define PACKAGE_STRING "jellyfish 1.1.4"
| #define PACKAGE_BUGREPORT "gmarcais@umd.edu"
| #define PACKAGE_URL ""
| #define PACKAGE "jellyfish"
| #define VERSION "1.1.4"
| /* end confdefs.h.  */
| #include <ac_nonexistent.h>
configure:4826: checking for grep that handles long lines and -e
configure:4884: result: /usr/bin/grep
configure:4889: checking for egrep
configure:4951: result: /usr/bin/grep -E
configure:4956: checking for ANSI C header files
configure:4976: gcc -c -g -O2  conftest.c >&5
configure:4976: $? = 0
configure:5049: gcc -o conftest -g -O2   conftest.c  >&5
configure:5049: $? = 0
configure:5049: ./conftest
configure:5049: $? = 0
configure:5060: result: yes
configure:5073: checking for sys/types.h
configure:5073: gcc -c -g -O2  conftest.c >&5
configure:5073: $? = 0
configure:5073: result: yes
configure:5073: checking for sys/stat.h
configure:5073: gcc -c -g -O2  conftest.c >&5
configure:5073: $? = 0
configure:5073: result: yes
configure:5073: checking for stdlib.h
configure:5073: gcc -c -g -O2  conftest.c >&5
configure:5073: $? = 0
configure:5073: result: yes
configure:5073: checking for string.h
configure:5073: gcc -c -g -O2  conftest.c >&5
configure:5073: $? = 0
configure:5073: result: yes
configure:5073: checking for memory.h
configure:5073: gcc -c -g -O2  conftest.c >&5
configure:5073: $? = 0
configure:5073: result: yes
configure:5073: checking for strings.h
configure:5073: gcc -c -g -O2  conftest.c >&5
configure:5073: $? = 0
configure:5073: result: yes
configure:5073: checking for inttypes.h
configure:5073: gcc -c -g -O2  conftest.c >&5
configure:5073: $? = 0
configure:5073: result: yes
configure:5073: checking for stdint.h
configure:5073: gcc -c -g -O2  conftest.c >&5
configure:5073: $? = 0
configure:5073: result: yes
configure:5073: checking for unistd.h
configure:5073: gcc -c -g -O2  conftest.c >&5
configure:5073: $? = 0
configure:5073: result: yes
configure:5085: checking whether strerror_r is declared
configure:5085: gcc -c -g -O2  conftest.c >&5
configure:5085: $? = 0
configure:5085: result: yes
configure:5098: checking for strerror_r
configure:5098: gcc -o conftest -g -O2   conftest.c  >&5
configure:5098: $? = 0
configure:5098: result: yes
configure:5107: checking whether strerror_r returns char *
configure:5131: gcc -c -g -O2  conftest.c >&5
conftest.c: In function 'main':
conftest.c:61: error: invalid type argument of 'unary *'
conftest.c:62: warning: initialization makes pointer from integer without a cast
configure:5131: $? = 1
configure: failed program was:
| /* confdefs.h */
| #define PACKAGE_NAME "jellyfish"
| #define PACKAGE_TARNAME "jellyfish"
| #define PACKAGE_VERSION "1.1.4"
| #define PACKAGE_STRING "jellyfish 1.1.4"
| #define PACKAGE_BUGREPORT "gmarcais@umd.edu"
| #define PACKAGE_URL ""
| #define PACKAGE "jellyfish"
| #define VERSION "1.1.4"
| #define STDC_HEADERS 1
| #define HAVE_SYS_TYPES_H 1
| #define HAVE_SYS_STAT_H 1
| #define HAVE_STDLIB_H 1
| #define HAVE_STRING_H 1
| #define HAVE_MEMORY_H 1
| #define HAVE_STRINGS_H 1
| #define HAVE_INTTYPES_H 1
| #define HAVE_STDINT_H 1
| #define HAVE_UNISTD_H 1
| #define HAVE_DECL_STRERROR_R 1
| #define HAVE_STRERROR_R 1
| /* end confdefs.h.  */
| #include <stdio.h>
| #ifdef HAVE_SYS_TYPES_H
| # include <sys/types.h>
| #endif
| #ifdef HAVE_SYS_STAT_H
| # include <sys/stat.h>
| #endif
| #ifdef STDC_HEADERS
| # include <stdlib.h>
| # include <stddef.h>
| #else
| # ifdef HAVE_STDLIB_H
| #  include <stdlib.h>
| # endif
| #endif
| #ifdef HAVE_STRING_H
| # if !defined STDC_HEADERS && defined HAVE_MEMORY_H
| #  include <memory.h>
| # endif
| # include <string.h>
| #endif
| #ifdef HAVE_STRINGS_H
| # include <strings.h>
| #endif
| #ifdef HAVE_INTTYPES_H
| # include <inttypes.h>
| #endif
| #ifdef HAVE_STDINT_H
| # include <stdint.h>
| #endif
| #ifdef HAVE_UNISTD_H
| # include <unistd.h>
| #endif
| int
| main ()
| {
| 
| 	  char buf[100];
| 	  char x = *strerror_r (0, buf, sizeof buf);
| 	  char *p = strerror_r (0, buf, sizeof buf);
| 	  return !p || x;
| 
|   ;
|   return 0;
| }
configure:5169: result: no
configure:5180: checking execinfo.h usability
configure:5180: gcc -c -g -O2  conftest.c >&5
configure:5180: $? = 0
configure:5180: result: yes
configure:5180: checking execinfo.h presence
configure:5180: gcc -E  conftest.c
configure:5180: $? = 0
configure:5180: result: yes
configure:5180: checking for execinfo.h
configure:5180: result: yes
configure:5191: checking for siginfo_t.si_int
configure:5191: gcc -c -g -O2  conftest.c >&5
conftest.c: In function 'main':
conftest.c:30: error: 'siginfo_t' has no member named 'si_int'
configure:5191: $? = 1
configure: failed program was:
| /* confdefs.h */
| #define PACKAGE_NAME "jellyfish"
| #define PACKAGE_TARNAME "jellyfish"
| #define PACKAGE_VERSION "1.1.4"
| #define PACKAGE_STRING "jellyfish 1.1.4"
| #define PACKAGE_BUGREPORT "gmarcais@umd.edu"
| #define PACKAGE_URL ""
| #define PACKAGE "jellyfish"
| #define VERSION "1.1.4"
| #define STDC_HEADERS 1
| #define HAVE_SYS_TYPES_H 1
| #define HAVE_SYS_STAT_H 1
| #define HAVE_STDLIB_H 1
| #define HAVE_STRING_H 1
| #define HAVE_MEMORY_H 1
| #define HAVE_STRINGS_H 1
| #define HAVE_INTTYPES_H 1
| #define HAVE_STDINT_H 1
| #define HAVE_UNISTD_H 1
| #define HAVE_DECL_STRERROR_R 1
| #define HAVE_STRERROR_R 1
| #define HAVE_EXECINFO_H 1
| /* end confdefs.h.  */
| #include <signal.h>
| 
| int
| main ()
| {
| static siginfo_t ac_aggr;
| if (ac_aggr.si_int)
| return 0;
|   ;
|   return 0;
| }
configure:5191: gcc -c -g -O2  conftest.c >&5
conftest.c: In function 'main':
conftest.c:30: error: 'siginfo_t' has no member named 'si_int'
configure:5191: $? = 1
configure: failed program was:
| /* confdefs.h */
| #define PACKAGE_NAME "jellyfish"
| #define PACKAGE_TARNAME "jellyfish"
| #define PACKAGE_VERSION "1.1.4"
| #define PACKAGE_STRING "jellyfish 1.1.4"
| #define PACKAGE_BUGREPORT "gmarcais@umd.edu"
| #define PACKAGE_URL ""
| #define PACKAGE "jellyfish"
| #define VERSION "1.1.4"
| #define STDC_HEADERS 1
| #define HAVE_SYS_TYPES_H 1
| #define HAVE_SYS_STAT_H 1
| #define HAVE_STDLIB_H 1
| #define HAVE_STRING_H 1
| #define HAVE_MEMORY_H 1
| #define HAVE_STRINGS_H 1
| #define HAVE_INTTYPES_H 1
| #define HAVE_STDINT_H 1
| #define HAVE_UNISTD_H 1
| #define HAVE_DECL_STRERROR_R 1
| #define HAVE_STRERROR_R 1
| #define HAVE_EXECINFO_H 1
| /* end confdefs.h.  */
| #include <signal.h>
| 
| int
| main ()
| {
| static siginfo_t ac_aggr;
| if (sizeof ac_aggr.si_int)
| return 0;
|   ;
|   return 0;
| }
configure:5191: result: no
configure:5225: checking for a sed that does not truncate output
configure:5289: result: /usr/bin/sed
configure:5307: checking for fgrep
configure:5369: result: /usr/bin/grep -F
configure:5404: checking for ld used by gcc
configure:5471: result: /usr/llvm-gcc-4.2/libexec/gcc/i686-apple-darwin11/4.2.1/ld
configure:5478: checking if the linker (/usr/llvm-gcc-4.2/libexec/gcc/i686-apple-darwin11/4.2.1/ld) is GNU ld
configure:5493: result: no
configure:5505: checking for BSD- or MS-compatible name lister (nm)
configure:5554: result: /usr/bin/nm
configure:5672: checking the name lister (/usr/bin/nm) interface
configure:5679: gcc -c -g -O2  conftest.c >&5
configure:5682: /usr/bin/nm "conftest.o"
configure:5685: output
00000000000001a0 S _some_variable
configure:5692: result: BSD nm
configure:5695: checking whether ln -s works
configure:5699: result: yes
configure:5707: checking the maximum length of command line arguments
configure:5827: result: 196608
configure:5844: checking whether the shell understands some XSI constructs
configure:5854: result: yes
configure:5858: checking whether the shell understands "+="
configure:5864: result: yes
configure:5899: checking for /usr/llvm-gcc-4.2/libexec/gcc/i686-apple-darwin11/4.2.1/ld option to reload object files
configure:5906: result: -r
configure:5975: checking for objdump
configure:6005: result: no
configure:6034: checking how to recognize dependent libraries
configure:6230: result: pass_all
configure:6290: checking for ar
configure:6306: found /usr/bin/ar
configure:6317: result: ar
configure:6395: checking for strip
configure:6411: found /usr/bin/strip
configure:6422: result: strip
configure:6494: checking for ranlib
configure:6510: found /usr/bin/ranlib
configure:6521: result: ranlib
configure:6611: checking command to parse /usr/bin/nm output from gcc object
configure:6729: gcc -c -g -O2  conftest.c >&5
configure:6732: $? = 0
configure:6736: /usr/bin/nm conftest.o \| sed -n -e 's/^.*[	 ]\([BCDEGRST][BCDEGRST]*\)[	 ][	 ]*\([_A-Za-z][_A-Za-z0-9]*\)$/\1 \2 \2/p' \> conftest.nm
configure:6739: $? = 0
cannot find nm_test_var in conftest.nm
configure:6729: gcc -c -g -O2  conftest.c >&5
configure:6732: $? = 0
configure:6736: /usr/bin/nm conftest.o \| sed -n -e 's/^.*[	 ]\([BCDEGRST][BCDEGRST]*\)[	 ][	 ]*_\([_A-Za-z][_A-Za-z0-9]*\)$/\1 _\2 \2/p' \> conftest.nm
configure:6739: $? = 0
configure:6793: gcc -o conftest -g -O2   conftest.c conftstm.o >&5
configure:6796: $? = 0
configure:6834: result: ok
configure:7098: checking for dsymutil
configure:7114: found /usr/bin/dsymutil
configure:7125: result: dsymutil
configure:7190: checking for nmedit
configure:7206: found /usr/bin/nmedit
configure:7217: result: nmedit
configure:7282: checking for lipo
configure:7298: found /usr/bin/lipo
configure:7309: result: lipo
configure:7374: checking for otool
configure:7390: found /usr/bin/otool
configure:7401: result: otool
configure:7466: checking for otool64
configure:7496: result: no
configure:7541: checking for -single_module linker flag
gcc -g -O2  -o libconftest.dylib -dynamiclib -Wl,-single_module conftest.c
configure:7568: result: yes
configure:7570: checking for -exported_symbols_list linker flag
configure:7590: gcc -o conftest -g -O2   -Wl,-exported_symbols_list,conftest.sym conftest.c  >&5
configure:7590: $? = 0
configure:7600: result: yes
configure:7639: checking for dlfcn.h
configure:7639: gcc -c -g -O2  conftest.c >&5
configure:7639: $? = 0
configure:7639: result: yes
configure:7764: checking for C++ compiler version
configure:7773: g++ --version >&5
i686-apple-darwin11-llvm-g++-4.2 (GCC) 4.2.1 (Based on Apple Inc. build 5658) (LLVM build 2336.9.00)
Copyright (C) 2007 Free Software Foundation, Inc.
This is free software; see the source for copying conditions.  There is NO
warranty; not even for MERCHANTABILITY or FITNESS FOR A PARTICULAR PURPOSE.

configure:7784: $? = 0
configure:7773: g++ -v >&5
Using built-in specs.
Target: i686-apple-darwin11
Configured with: /private/var/tmp/llvmgcc42/llvmgcc42-2336.9~22/src/configure --disable-checking --enable-werror --prefix=/Applications/Xcode.app/Contents/Developer/usr/llvm-gcc-4.2 --mandir=/share/man --enable-languages=c,objc,c++,obj-c++ --program-prefix=llvm- --program-transform-name=/^[cg][^.-]*$/s/$/-4.2/ --with-slibdir=/usr/lib --build=i686-apple-darwin11 --enable-llvm=/private/var/tmp/llvmgcc42/llvmgcc42-2336.9~22/dst-llvmCore/Developer/usr/local --program-prefix=i686-apple-darwin11- --host=x86_64-apple-darwin11 --target=i686-apple-darwin11 --with-gxx-include-dir=/usr/include/c++/4.2.1
Thread model: posix
gcc version 4.2.1 (Based on Apple Inc. build 5658) (LLVM build 2336.9.00)
configure:7784: $? = 0
configure:7773: g++ -V >&5
llvm-g++-4.2: argument to `-V' is missing
configure:7784: $? = 1
configure:7773: g++ -qversion >&5
i686-apple-darwin11-llvm-g++-4.2: no input files
configure:7784: $? = 1
configure:7788: checking whether we are using the GNU C++ compiler
configure:7816: result: yes
configure:7825: checking whether g++ accepts -g
configure:7886: result: yes
configure:7911: checking dependency style of g++
configure:8022: result: gcc3
configure:8045: checking how to run the C++ preprocessor
configure:8072: g++ -E  conftest.cpp
configure:8072: $? = 0
configure:8086: g++ -E  conftest.cpp
conftest.cpp:25:28: error: ac_nonexistent.h: No such file or directory
configure:8086: $? = 1
configure: failed program was:
| /* confdefs.h */
| #define PACKAGE_NAME "jellyfish"
| #define PACKAGE_TARNAME "jellyfish"
| #define PACKAGE_VERSION "1.1.4"
| #define PACKAGE_STRING "jellyfish 1.1.4"
| #define PACKAGE_BUGREPORT "gmarcais@umd.edu"
| #define PACKAGE_URL ""
| #define PACKAGE "jellyfish"
| #define VERSION "1.1.4"
| #define STDC_HEADERS 1
| #define HAVE_SYS_TYPES_H 1
| #define HAVE_SYS_STAT_H 1
| #define HAVE_STDLIB_H 1
| #define HAVE_STRING_H 1
| #define HAVE_MEMORY_H 1
| #define HAVE_STRINGS_H 1
| #define HAVE_INTTYPES_H 1
| #define HAVE_STDINT_H 1
| #define HAVE_UNISTD_H 1
| #define HAVE_DECL_STRERROR_R 1
| #define HAVE_STRERROR_R 1
| #define HAVE_EXECINFO_H 1
| #define HAVE_DLFCN_H 1
| /* end confdefs.h.  */
| #include <ac_nonexistent.h>
configure:8111: result: g++ -E
configure:8131: g++ -E  conftest.cpp
configure:8131: $? = 0
configure:8145: g++ -E  conftest.cpp
conftest.cpp:25:28: error: ac_nonexistent.h: No such file or directory
configure:8145: $? = 1
configure: failed program was:
| /* confdefs.h */
| #define PACKAGE_NAME "jellyfish"
| #define PACKAGE_TARNAME "jellyfish"
| #define PACKAGE_VERSION "1.1.4"
| #define PACKAGE_STRING "jellyfish 1.1.4"
| #define PACKAGE_BUGREPORT "gmarcais@umd.edu"
| #define PACKAGE_URL ""
| #define PACKAGE "jellyfish"
| #define VERSION "1.1.4"
| #define STDC_HEADERS 1
| #define HAVE_SYS_TYPES_H 1
| #define HAVE_SYS_STAT_H 1
| #define HAVE_STDLIB_H 1
| #define HAVE_STRING_H 1
| #define HAVE_MEMORY_H 1
| #define HAVE_STRINGS_H 1
| #define HAVE_INTTYPES_H 1
| #define HAVE_STDINT_H 1
| #define HAVE_UNISTD_H 1
| #define HAVE_DECL_STRERROR_R 1
| #define HAVE_STRERROR_R 1
| #define HAVE_EXECINFO_H 1
| #define HAVE_DLFCN_H 1
| /* end confdefs.h.  */
| #include <ac_nonexistent.h>
configure:8351: checking for objdir
configure:8366: result: .libs
configure:8662: checking if gcc supports -fno-rtti -fno-exceptions
configure:8680: gcc -c -g -O2  -fno-rtti -fno-exceptions conftest.c >&5
cc1: warning: command line option "-fno-rtti" is valid for C++/ObjC++ but not for C
configure:8684: $? = 0
configure:8697: result: no
configure:8717: checking for gcc option to produce PIC
configure:8989: result: -fno-common -DPIC
configure:9001: checking if gcc PIC flag -fno-common -DPIC works
configure:9019: gcc -c -g -O2  -fno-common -DPIC -DPIC conftest.c >&5
configure:9023: $? = 0
configure:9036: result: yes
configure:9060: checking if gcc static flag -static works
configure:9088: result: no
configure:9103: checking if gcc supports -c -o file.o
configure:9124: gcc -c -g -O2  -o out/conftest2.o conftest.c >&5
configure:9128: $? = 0
configure:9150: result: yes
configure:9158: checking if gcc supports -c -o file.o
configure:9205: result: yes
configure:9238: checking whether the gcc linker (/usr/llvm-gcc-4.2/libexec/gcc/i686-apple-darwin11/4.2.1/ld) supports shared libraries
configure:10224: result: yes
configure:10463: checking dynamic linker characteristics
configure:11117: result: darwin11.3.0 dyld
configure:11219: checking how to hardcode library paths into programs
configure:11244: result: immediate
configure:11764: checking whether stripping libraries is possible
configure:11778: result: yes
configure:11804: checking if libtool supports shared libraries
configure:11806: result: yes
configure:11809: checking whether to build shared libraries
configure:11830: result: yes
configure:11833: checking whether to build static libraries
configure:11837: result: yes
configure:11987: checking for ld used by g++
configure:12054: result: /usr/llvm-gcc-4.2/libexec/gcc/i686-apple-darwin11/4.2.1/ld
configure:12061: checking if the linker (/usr/llvm-gcc-4.2/libexec/gcc/i686-apple-darwin11/4.2.1/ld) is GNU ld
configure:12076: result: no
configure:12131: checking whether the g++ linker (/usr/llvm-gcc-4.2/libexec/gcc/i686-apple-darwin11/4.2.1/ld) supports shared libraries
configure:13044: result: yes
configure:13072: g++ -c   conftest.cpp >&5
configure:13075: $? = 0
configure:13257: checking for g++ option to produce PIC
configure:13574: result: -fno-common -DPIC
configure:13583: checking if g++ PIC flag -fno-common -DPIC works
configure:13601: g++ -c   -fno-common -DPIC -DPIC conftest.cpp >&5
configure:13605: $? = 0
configure:13618: result: yes
configure:13639: checking if g++ static flag -static works
configure:13667: result: no
configure:13679: checking if g++ supports -c -o file.o
configure:13700: g++ -c   -o out/conftest2.o conftest.cpp >&5
configure:13704: $? = 0
configure:13726: result: yes
configure:13731: checking if g++ supports -c -o file.o
configure:13778: result: yes
configure:13808: checking whether the g++ linker (/usr/llvm-gcc-4.2/libexec/gcc/i686-apple-darwin11/4.2.1/ld) supports shared libraries
configure:13834: result: yes
configure:13971: checking dynamic linker characteristics
configure:14573: result: darwin11.3.0 dyld
configure:14624: checking how to hardcode library paths into programs
configure:14649: result: immediate
configure:14845: creating ./config.status

## ---------------- ##
## Cache variables. ##
## ---------------- ##

ac_cv_build=i386-apple-darwin11.3.0
ac_cv_c_compiler_gnu=yes
ac_cv_cxx_compiler_gnu=yes
ac_cv_env_CCC_set=
ac_cv_env_CCC_value=
ac_cv_env_CC_set=
ac_cv_env_CC_value=
ac_cv_env_CFLAGS_set=
ac_cv_env_CFLAGS_value=
ac_cv_env_CPPFLAGS_set=
ac_cv_env_CPPFLAGS_value=
ac_cv_env_CPP_set=
ac_cv_env_CPP_value=
ac_cv_env_CXXCPP_set=
ac_cv_env_CXXCPP_value=
ac_cv_env_CXXFLAGS_set=
ac_cv_env_CXXFLAGS_value=
ac_cv_env_CXX_set=
ac_cv_env_CXX_value=
ac_cv_env_LDFLAGS_set=
ac_cv_env_LDFLAGS_value=
ac_cv_env_LIBS_set=
ac_cv_env_LIBS_value=
ac_cv_env_MD5_set=
ac_cv_env_MD5_value=
ac_cv_env_build_alias_set=
ac_cv_env_build_alias_value=
ac_cv_env_host_alias_set=
ac_cv_env_host_alias_value=
ac_cv_env_target_alias_set=
ac_cv_env_target_alias_value=
ac_cv_func_strerror_r=yes
ac_cv_func_strerror_r_char_p=no
ac_cv_have_decl_strerror_r=yes
ac_cv_header_dlfcn_h=yes
ac_cv_header_execinfo_h=yes
ac_cv_header_inttypes_h=yes
ac_cv_header_memory_h=yes
ac_cv_header_stdc=yes
ac_cv_header_stdint_h=yes
ac_cv_header_stdlib_h=yes
ac_cv_header_string_h=yes
ac_cv_header_strings_h=yes
ac_cv_header_sys_stat_h=yes
ac_cv_header_sys_types_h=yes
ac_cv_header_unistd_h=yes
ac_cv_host=i386-apple-darwin11.3.0
ac_cv_member_siginfo_t_si_int=no
ac_cv_objext=o
ac_cv_path_EGREP='/usr/bin/grep -E'
ac_cv_path_FGREP='/usr/bin/grep -F'
ac_cv_path_GREP=/usr/bin/grep
ac_cv_path_SED=/usr/bin/sed
ac_cv_path_install='/usr/bin/install -c'
ac_cv_prog_AWK=awk
ac_cv_prog_CPP='gcc -E'
ac_cv_prog_CXXCPP='g++ -E'
ac_cv_prog_MD5='md5 -r'
ac_cv_prog_ac_ct_AR=ar
ac_cv_prog_ac_ct_CC=gcc
ac_cv_prog_ac_ct_CXX=g++
ac_cv_prog_ac_ct_DSYMUTIL=dsymutil
ac_cv_prog_ac_ct_LIPO=lipo
ac_cv_prog_ac_ct_NMEDIT=nmedit
ac_cv_prog_ac_ct_OTOOL=otool
ac_cv_prog_ac_ct_RANLIB=ranlib
ac_cv_prog_ac_ct_STRIP=strip
ac_cv_prog_cc_c89=
ac_cv_prog_cc_g=yes
ac_cv_prog_cxx_g=yes
ac_cv_prog_make_make_set=yes
am_cv_CC_dependencies_compiler_type=gcc3
am_cv_CXX_dependencies_compiler_type=gcc3
am_cv_make_support_nested_variables=yes
lt_cv_apple_cc_single_mod=yes
lt_cv_deplibs_check_method=pass_all
lt_cv_file_magic_cmd='$MAGIC_CMD'
lt_cv_file_magic_test_file=
lt_cv_ld_exported_symbols_list=yes
lt_cv_ld_reload_flag=-r
lt_cv_nm_interface='BSD nm'
lt_cv_objdir=.libs
lt_cv_path_LD=/usr/llvm-gcc-4.2/libexec/gcc/i686-apple-darwin11/4.2.1/ld
lt_cv_path_LDCXX=/usr/llvm-gcc-4.2/libexec/gcc/i686-apple-darwin11/4.2.1/ld
lt_cv_path_NM=/usr/bin/nm
lt_cv_prog_compiler_c_o=yes
lt_cv_prog_compiler_c_o_CXX=yes
lt_cv_prog_compiler_pic_works=yes
lt_cv_prog_compiler_pic_works_CXX=yes
lt_cv_prog_compiler_rtti_exceptions=no
lt_cv_prog_compiler_static_works=no
lt_cv_prog_compiler_static_works_CXX=no
lt_cv_prog_gnu_ld=no
lt_cv_prog_gnu_ldcxx=no
lt_cv_sys_global_symbol_pipe='sed -n -e '\''s/^.*[	 ]\([BCDEGRST][BCDEGRST]*\)[	 ][	 ]*_\([_A-Za-z][_A-Za-z0-9]*\)$/\1 _\2 \2/p'\'''
lt_cv_sys_global_symbol_to_c_name_address='sed -n -e '\''s/^: \([^ ]*\) $/  {\"\1\", (void *) 0},/p'\'' -e '\''s/^[BCDEGRST]* \([^ ]*\) \([^ ]*\)$/  {"\2", (void *) \&\2},/p'\'''
lt_cv_sys_global_symbol_to_c_name_address_lib_prefix='sed -n -e '\''s/^: \([^ ]*\) $/  {\"\1\", (void *) 0},/p'\'' -e '\''s/^[BCDEGRST]* \([^ ]*\) \(lib[^ ]*\)$/  {"\2", (void *) \&\2},/p'\'' -e '\''s/^[BCDEGRST]* \([^ ]*\) \([^ ]*\)$/  {"lib\2", (void *) \&\2},/p'\'''
lt_cv_sys_global_symbol_to_cdecl='sed -n -e '\''s/^T .* \(.*\)$/extern int \1();/p'\'' -e '\''s/^[BCDEGRST]* .* \(.*\)$/extern char \1;/p'\'''
lt_cv_sys_max_cmd_len=196608

## ----------------- ##
## Output variables. ##
## ----------------- ##

ACLOCAL='${SHELL} /Users/jstjohn/Programming/jellyfish-1.1.4/missing --run aclocal-1.11'
AMDEPBACKSLASH='\'
AMDEP_FALSE='#'
AMDEP_TRUE=''
AMTAR='$${TAR-tar}'
AM_BACKSLASH='\'
AM_DEFAULT_V='$(AM_DEFAULT_VERBOSITY)'
AM_DEFAULT_VERBOSITY='0'
AM_V='$(V)'
AR='ar'
AUTOCONF='${SHELL} /Users/jstjohn/Programming/jellyfish-1.1.4/missing --run autoconf'
AUTOHEADER='${SHELL} /Users/jstjohn/Programming/jellyfish-1.1.4/missing --run autoheader'
AUTOMAKE='${SHELL} /Users/jstjohn/Programming/jellyfish-1.1.4/missing --run automake-1.11'
AWK='awk'
CC='gcc'
CCDEPMODE='depmode=gcc3'
CFLAGS='-g -O2'
CPP='gcc -E'
CPPFLAGS=''
CXX='g++'
CXXCPP='g++ -E'
CXXDEPMODE='depmode=gcc3'
CXXFLAGS=''
CYGPATH_W='echo'
DEFS='-DHAVE_CONFIG_H'
DEPDIR='.deps'
DSYMUTIL='dsymutil'
DUMPBIN=''
ECHO_C='\c'
ECHO_N=''
ECHO_T=''
EGREP='/usr/bin/grep -E'
EXEEXT=''
FGREP='/usr/bin/grep -F'
GREP='/usr/bin/grep'
INSTALL_DATA='${INSTALL} -m 644'
INSTALL_PROGRAM='${INSTALL}'
INSTALL_SCRIPT='${INSTALL}'
INSTALL_STRIP_PROGRAM='$(install_sh) -c -s'
LD='/usr/llvm-gcc-4.2/libexec/gcc/i686-apple-darwin11/4.2.1/ld'
LDFLAGS=''
LIBOBJS=''
LIBS=''
LIBTOOL='$(SHELL) $(top_builddir)/libtool'
LIPO='lipo'
LN_S='ln -s'
LTLIBOBJS=''
MAKEINFO='${SHELL} /Users/jstjohn/Programming/jellyfish-1.1.4/missing --run makeinfo'
MD5='md5 -r'
MKDIR_P='./install-sh -c -d'
NM='/usr/bin/nm'
NMEDIT='nmedit'
OBJDUMP='false'
OBJEXT='o'
OTOOL64=':'
OTOOL='otool'
PACKAGE='jellyfish'
PACKAGE_BUGREPORT='gmarcais@umd.edu'
PACKAGE_NAME='jellyfish'
PACKAGE_STRING='jellyfish 1.1.4'
PACKAGE_TARNAME='jellyfish'
PACKAGE_URL=''
PACKAGE_VERSION='1.1.4'
PATH_SEPARATOR=':'
RANLIB='ranlib'
SED='/usr/bin/sed'
SET_MAKE=''
SHELL='/bin/sh'
STRIP='strip'
VERSION='1.1.4'
ac_ct_CC='gcc'
ac_ct_CXX='g++'
ac_ct_DUMPBIN=''
am__EXEEXT_FALSE=''
am__EXEEXT_TRUE='#'
am__fastdepCC_FALSE='#'
am__fastdepCC_TRUE=''
am__fastdepCXX_FALSE='#'
am__fastdepCXX_TRUE=''
am__include='include'
am__isrc=''
am__leading_dot='.'
am__nodep='_no'
am__quote=''
am__tar='$${TAR-tar} chof - "$$tardir"'
am__untar='$${TAR-tar} xf -'
bindir='${exec_prefix}/bin'
build='i386-apple-darwin11.3.0'
build_alias=''
build_cpu='i386'
build_os='darwin11.3.0'
build_vendor='apple'
datadir='${datarootdir}'
datarootdir='${prefix}/share'
docdir='${datarootdir}/doc/${PACKAGE_TARNAME}'
dvidir='${docdir}'
exec_prefix='${prefix}'
host='i386-apple-darwin11.3.0'
host_alias=''
host_cpu='i386'
host_os='darwin11.3.0'
host_vendor='apple'
htmldir='${docdir}'
includedir='${prefix}/include'
infodir='${datarootdir}/info'
install_sh='${SHELL} /Users/jstjohn/Programming/jellyfish-1.1.4/install-sh'
libdir='${exec_prefix}/lib'
libexecdir='${exec_prefix}/libexec'
localedir='${datarootdir}/locale'
localstatedir='${prefix}/var'
lt_ECHO='/bin/echo'
mandir='${datarootdir}/man'
mkdir_p='$(top_builddir)/./install-sh -c -d'
oldincludedir='/usr/include'
pdfdir='${docdir}'
prefix='/Users/jstjohn'
program_transform_name='s,x,x,'
psdir='${docdir}'
sbindir='${exec_prefix}/sbin'
sharedstatedir='${prefix}/com'
sysconfdir='${prefix}/etc'
target_alias=''

## ----------- ##
## confdefs.h. ##
## ----------- ##

/* confdefs.h */
#define PACKAGE_NAME "jellyfish"
#define PACKAGE_TARNAME "jellyfish"
#define PACKAGE_VERSION "1.1.4"
#define PACKAGE_STRING "jellyfish 1.1.4"
#define PACKAGE_BUGREPORT "gmarcais@umd.edu"
#define PACKAGE_URL ""
#define PACKAGE "jellyfish"
#define VERSION "1.1.4"
#define STDC_HEADERS 1
#define HAVE_SYS_TYPES_H 1
#define HAVE_SYS_STAT_H 1
#define HAVE_STDLIB_H 1
#define HAVE_STRING_H 1
#define HAVE_MEMORY_H 1
#define HAVE_STRINGS_H 1
#define HAVE_INTTYPES_H 1
#define HAVE_STDINT_H 1
#define HAVE_UNISTD_H 1
#define HAVE_DECL_STRERROR_R 1
#define HAVE_STRERROR_R 1
#define HAVE_EXECINFO_H 1
#define HAVE_DLFCN_H 1
#define LT_OBJDIR ".libs/"

configure: exit 0

## ---------------------- ##
## Running config.status. ##
## ---------------------- ##

This file was extended by jellyfish config.status 1.1.4, which was
generated by GNU Autoconf 2.69.  Invocation command line was

  CONFIG_FILES    = 
  CONFIG_HEADERS  = 
  CONFIG_LINKS    = 
  CONFIG_COMMANDS = 
  $ ./config.status 

on dhcp-63-167.cse.ucsc.edu

config.status:1129: creating Makefile
config.status:1129: creating tests/compat.sh
config.status:1129: creating jellyfish-1.1.pc
config.status:1129: creating config.h
config.status:1310: config.h is unchanged
config.status:1358: executing depfiles commands
config.status:1358: executing libtool commands

## ---------------------- ##
## Running config.status. ##
## ---------------------- ##

This file was extended by jellyfish config.status 1.1.4, which was
generated by GNU Autoconf 2.69.  Invocation command line was

  CONFIG_FILES    = 
  CONFIG_HEADERS  = 
  CONFIG_LINKS    = 
  CONFIG_COMMANDS = 
  $ ./config.status config.h

on dhcp-63-167.cse.ucsc.edu

config.status:1129: creating config.h
config.status:1310: config.h is unchanged
